<?xml version="1.0" encoding="UTF-8"?>
<!-- Generated by org.testng.reporters.JUnitReportReporter -->
<testsuite name="Zss.Tariqur_Rahman.TestCases" tests="1" time="33.114" ignored="0" failures="0" timestamp="05 Jul 2021 16:13:20 GMT" skipped="0" hostname="kaveue" errors="0">
  <testcase name="verify" time="33.114" classname="Zss.Tariqur_Rahman.TestCases"/>
</testsuite> <!-- Zss.Tariqur_Rahman.TestCases -->
